2020-09-24 15:04:43,330 INFO: Workblog startup [in C:\workspace\pythonWorkspace\workblog\app\__init__.py:84]
2020-09-24 15:05:27,138 INFO: Workblog startup [in C:\workspace\pythonWorkspace\workblog\app\__init__.py:84]
2020-09-24 15:15:58,511 INFO: Workblog startup... [in C:\workspace\pythonWorkspace\workblog\app\__init__.py:84]
2020-09-24 15:17:03,084 INFO: Workblog startup... [in C:\workspace\pythonWorkspace\workblog\app\__init__.py:84]
2020-09-24 15:18:13,252 INFO: Workblog startup... [in C:\workspace\pythonWorkspace\workblog\app\__init__.py:84]
2020-09-24 15:21:49,037 INFO: Workblog startup... [in C:\workspace\pythonWorkspace\workblog\app\__init__.py:84]
2020-09-24 15:21:49,041 INFO: tornado server startup... [in tornado_server.py:10]
2020-09-24 15:25:39,525 INFO: Workblog startup... [in C:\workspace\pythonWorkspace\workblog\app\__init__.py:84]
2020-09-24 15:25:39,527 INFO: tornado server startup... [in tornado_server.py:10]
2020-09-24 15:26:15,916 INFO: request.method:GET [in C:\workspace\pythonWorkspace\workblog\app\wx\routes.py:40]
2020-09-24 15:26:15,918 INFO: request.url:http://localhost:8008/wx/wxsvr?signature=3d64d1c41f752ea2bb56ca62d9af393f0a1a9630&timestamp=1600853211&nonce=307392173&openid=oMcHK6h_cRu_mVXlftDqA87KRkbs&echostr=abc [in C:\workspace\pythonWorkspace\workblog\app\wx\routes.py:41]
2020-09-25 09:21:17,476 INFO: Workblog startup... [in C:\workspace\pythonWorkspace\workblog\app\__init__.py:84]
2020-09-25 09:21:18,517 INFO: Workblog startup... [in C:\workspace\pythonWorkspace\workblog\app\__init__.py:84]
2020-09-25 09:22:44,222 INFO: request.method:POST [in C:\workspace\pythonWorkspace\workblog\app\wx\routes.py:40]
2020-09-25 09:22:44,226 INFO: request.url:http://localhost:5000/wx/wxsvr [in C:\workspace\pythonWorkspace\workblog\app\wx\routes.py:41]
2020-09-25 09:24:13,118 INFO: Workblog startup... [in C:\workspace\pythonWorkspace\workblog\app\__init__.py:84]
2020-09-25 09:24:34,299 INFO: request.method:POST [in C:\workspace\pythonWorkspace\workblog\app\wx\routes.py:40]
2020-09-25 09:24:34,303 INFO: request.url:http://localhost:5000/wx/wxsvr [in C:\workspace\pythonWorkspace\workblog\app\wx\routes.py:41]
2020-09-25 09:28:28,149 INFO: request.method:POST [in C:\workspace\pythonWorkspace\workblog\app\wx\routes.py:40]
2020-09-25 09:28:28,154 INFO: request.url:http://localhost:5000/wx/wxsvr [in C:\workspace\pythonWorkspace\workblog\app\wx\routes.py:41]
2020-09-25 09:30:06,507 INFO: request.method:POST [in C:\workspace\pythonWorkspace\workblog\app\wx\routes.py:40]
2020-09-25 09:30:06,511 INFO: request.url:http://localhost:5000/wx/wxsvr [in C:\workspace\pythonWorkspace\workblog\app\wx\routes.py:41]
2020-09-25 09:30:33,629 INFO: request.method:POST [in C:\workspace\pythonWorkspace\workblog\app\wx\routes.py:40]
2020-09-25 09:30:33,631 INFO: request.url:http://localhost:5000/wx/wxsvr [in C:\workspace\pythonWorkspace\workblog\app\wx\routes.py:41]
2020-09-25 17:14:53,922 INFO: Workblog startup... [in C:\workspace\pythonWorkspace\workblog\app\__init__.py:84]
2020-09-25 17:15:34,160 INFO: Workblog startup... [in C:\workspace\pythonWorkspace\workblog\app\__init__.py:84]
2020-09-25 17:16:32,856 INFO: Workblog startup... [in C:\workspace\pythonWorkspace\workblog\app\__init__.py:84]
2020-09-25 17:22:22,867 INFO: Workblog startup... [in C:\workspace\pythonWorkspace\workblog\app\__init__.py:84]
2020-09-25 17:30:44,926 INFO: Workblog startup... [in C:\workspace\pythonWorkspace\workblog\app\__init__.py:84]
2020-09-25 20:43:47,186 INFO: Workblog startup... [in C:\workspace\pythonWorkspace\workblog\app\__init__.py:84]
2020-09-25 22:55:56,084 INFO: Workblog startup... [in C:\workspace\pythonWorkspace\workblog\app\__init__.py:84]
2020-09-26 16:09:44,601 INFO: Workblog startup... [in C:\workspace\pythonWorkspace\workblog\app\__init__.py:84]
2020-09-26 16:09:45,693 INFO: Workblog startup... [in C:\workspace\pythonWorkspace\workblog\app\__init__.py:84]
2020-09-26 16:19:34,585 INFO: Workblog startup... [in C:\workspace\pythonWorkspace\workblog\app\__init__.py:84]
2020-09-26 16:19:43,495 INFO: Workblog startup... [in C:\workspace\pythonWorkspace\workblog\app\__init__.py:84]
2020-09-26 20:54:28,818 INFO: Workblog startup... [in C:\workspace\pythonWorkspace\workblog\app\__init__.py:84]
2020-09-26 22:39:20,627 INFO: Workblog startup... [in C:\workspace\pythonWorkspace\workblog\app\__init__.py:84]
2020-09-26 22:39:21,588 INFO: Workblog startup... [in C:\workspace\pythonWorkspace\workblog\app\__init__.py:84]
2020-09-26 22:42:14,344 INFO: Workblog startup... [in C:\workspace\pythonWorkspace\workblog\app\__init__.py:84]
2020-09-27 10:58:42,762 INFO: Workblog startup... [in C:\workspace\pythonWorkspace\workblog\app\__init__.py:84]
2020-09-27 10:58:43,854 INFO: Workblog startup... [in C:\workspace\pythonWorkspace\workblog\app\__init__.py:84]
2020-09-27 11:00:01,967 INFO: Workblog startup... [in C:\workspace\pythonWorkspace\workblog\app\__init__.py:84]
2020-09-27 11:02:11,141 INFO: Workblog startup... [in C:\workspace\pythonWorkspace\workblog\app\__init__.py:84]
2020-09-27 11:17:42,784 INFO: Workblog startup... [in C:\workspace\pythonWorkspace\workblog\app\__init__.py:84]
2020-09-27 11:18:23,514 INFO: Workblog startup... [in C:\workspace\pythonWorkspace\workblog\app\__init__.py:84]
2020-09-27 11:23:10,300 INFO: Workblog startup... [in C:\workspace\pythonWorkspace\workblog\app\__init__.py:84]
2020-09-27 11:32:01,910 INFO: Workblog startup... [in C:\workspace\pythonWorkspace\workblog\app\__init__.py:84]
2020-09-27 13:39:33,666 INFO: Workblog startup... [in C:\workspace\pythonWorkspace\workblog\app\__init__.py:84]
2020-09-27 13:39:33,669 INFO: request.method:POST [in C:\workspace\pythonWorkspace\workblog\app\wx\routes.py:87]
2020-09-27 13:39:33,677 INFO: request.url:http://localhost:5000/wx/wxsvr [in C:\workspace\pythonWorkspace\workblog\app\wx\routes.py:88]
2020-09-27 13:45:37,925 INFO: Workblog startup... [in C:\workspace\pythonWorkspace\workblog\app\__init__.py:84]
2020-09-27 13:55:51,447 INFO: Workblog startup... [in C:\workspace\pythonWorkspace\workblog\app\__init__.py:84]
2020-09-27 13:58:18,103 INFO: Workblog startup... [in C:\workspace\pythonWorkspace\workblog\app\__init__.py:84]
2020-09-27 13:58:28,349 INFO: Workblog startup... [in C:\workspace\pythonWorkspace\workblog\app\__init__.py:84]
2020-09-27 14:01:16,797 INFO: Workblog startup... [in C:\workspace\pythonWorkspace\workblog\app\__init__.py:84]
2020-09-27 14:01:37,486 INFO: Workblog startup... [in C:\workspace\pythonWorkspace\workblog\app\__init__.py:84]
2020-09-27 14:01:58,158 INFO: Workblog startup... [in C:\workspace\pythonWorkspace\workblog\app\__init__.py:84]
2020-09-27 14:02:04,664 INFO: Workblog startup... [in C:\workspace\pythonWorkspace\workblog\app\__init__.py:84]
2020-09-27 14:02:13,743 INFO: Workblog startup... [in C:\workspace\pythonWorkspace\workblog\app\__init__.py:84]
2020-09-27 14:02:30,945 INFO: Workblog startup... [in C:\workspace\pythonWorkspace\workblog\app\__init__.py:84]
2020-09-27 16:31:03,052 INFO: Workblog startup... [in C:\workspace\pythonWorkspace\workblog\app\__init__.py:84]
2020-09-27 16:32:55,979 INFO: Workblog startup... [in C:\workspace\pythonWorkspace\workblog\app\__init__.py:84]
2020-09-27 16:49:49,618 INFO: Workblog startup... [in C:\workspace\pythonWorkspace\workblog\app\__init__.py:84]
2020-09-27 16:49:56,803 INFO: Workblog startup... [in C:\workspace\pythonWorkspace\workblog\app\__init__.py:84]
2020-09-27 16:54:32,568 INFO: Workblog startup... [in C:\workspace\pythonWorkspace\workblog\app\__init__.py:84]
2020-09-27 17:07:36,474 INFO: Workblog startup... [in C:\workspace\pythonWorkspace\workblog\app\__init__.py:84]
2020-09-27 17:09:13,236 INFO: Workblog startup... [in C:\workspace\pythonWorkspace\workblog\app\__init__.py:84]
2020-09-27 17:09:23,899 INFO: Workblog startup... [in C:\workspace\pythonWorkspace\workblog\app\__init__.py:84]
2020-09-27 17:09:54,042 INFO: Workblog startup... [in C:\workspace\pythonWorkspace\workblog\app\__init__.py:84]
2020-09-27 17:10:02,376 INFO: Workblog startup... [in C:\workspace\pythonWorkspace\workblog\app\__init__.py:84]
2020-09-27 17:18:22,068 INFO: Workblog startup... [in C:\workspace\pythonWorkspace\workblog\app\__init__.py:84]
