2020-09-24 13:37:33,123 INFO: Workblog startup [in C:\workspace\pythonWorkspace\workblog\app\__init__.py:85]
2020-09-24 13:38:14,805 INFO: Workblog startup [in C:\workspace\pythonWorkspace\workblog\app\__init__.py:85]
2020-09-24 13:41:56,650 INFO: Workblog startup [in C:\workspace\pythonWorkspace\workblog\app\__init__.py:85]
2020-09-24 13:43:18,559 INFO: Workblog startup [in C:\workspace\pythonWorkspace\workblog\app\__init__.py:85]
2020-09-24 13:45:37,975 INFO: Workblog startup [in C:\workspace\pythonWorkspace\workblog\app\__init__.py:85]
2020-09-24 13:48:08,322 INFO: request.method:GET [in C:\workspace\pythonWorkspace\workblog\app\wx\routes.py:43]
2020-09-24 13:48:08,323 INFO: request.url:http://localhost:5000/wx/wxsvr?signature=3d64d1c41f752ea2bb56ca62d9af393f0a1a9630&timestamp=1600853211&nonce=307392173&openid=oMcHK6h_cRu_mVXlftDqA87KRkbs [in C:\workspace\pythonWorkspace\workblog\app\wx\routes.py:44]
2020-09-24 13:50:49,942 INFO: Workblog startup [in C:\workspace\pythonWorkspace\workblog\app\__init__.py:85]
2020-09-24 13:50:53,981 INFO: request.method:GET [in C:\workspace\pythonWorkspace\workblog\app\wx\routes.py:43]
2020-09-24 13:50:53,985 INFO: request.url:http://localhost:5000/wx/wxsvr?signature=3d64d1c41f752ea2bb56ca62d9af393f0a1a9630&timestamp=1600853211&nonce=307392173&openid=oMcHK6h_cRu_mVXlftDqA87KRkbs [in C:\workspace\pythonWorkspace\workblog\app\wx\routes.py:44]
2020-09-24 13:50:54,009 INFO: request.body: [in C:\workspace\pythonWorkspace\workblog\app\wx\routes.py:45]
2020-09-24 13:52:32,996 INFO: Workblog startup [in C:\workspace\pythonWorkspace\workblog\app\__init__.py:85]
2020-09-24 13:52:39,512 INFO: request.method:GET [in C:\workspace\pythonWorkspace\workblog\app\wx\routes.py:43]
2020-09-24 13:52:39,513 INFO: request.url:http://localhost:5000/wx/wxsvr?signature=3d64d1c41f752ea2bb56ca62d9af393f0a1a9630&timestamp=1600853211&nonce=307392173&openid=oMcHK6h_cRu_mVXlftDqA87KRkbs [in C:\workspace\pythonWorkspace\workblog\app\wx\routes.py:44]
2020-09-24 13:56:37,050 INFO: Workblog startup [in C:\workspace\pythonWorkspace\workblog\app\__init__.py:85]
2020-09-24 13:56:44,537 INFO: request.method:GET [in C:\workspace\pythonWorkspace\workblog\app\wx\routes.py:43]
2020-09-24 13:56:44,537 INFO: request.url:http://localhost:5000/wx/wxsvr?signature=3d64d1c41f752ea2bb56ca62d9af393f0a1a9630&timestamp=1600853211&nonce=307392173&openid=oMcHK6h_cRu_mVXlftDqA87KRkbs [in C:\workspace\pythonWorkspace\workblog\app\wx\routes.py:44]
2020-09-24 13:57:56,161 INFO: Workblog startup [in C:\workspace\pythonWorkspace\workblog\app\__init__.py:85]
2020-09-24 13:58:00,485 INFO: request.method:GET [in C:\workspace\pythonWorkspace\workblog\app\wx\routes.py:43]
2020-09-24 13:58:00,487 INFO: request.url:http://localhost:5000/wx/wxsvr?signature=3d64d1c41f752ea2bb56ca62d9af393f0a1a9630&timestamp=1600853211&nonce=307392173&openid=oMcHK6h_cRu_mVXlftDqA87KRkbs [in C:\workspace\pythonWorkspace\workblog\app\wx\routes.py:44]
2020-09-24 13:58:40,179 INFO: request.method:GET [in C:\workspace\pythonWorkspace\workblog\app\wx\routes.py:43]
2020-09-24 13:58:40,179 INFO: request.url:http://localhost:5000/wx/wxsvr?signature=3d64d1c41f752ea2bb56ca62d9af393f0a1a9630&timestamp=1600853211&nonce=307392173&openid=oMcHK6h_cRu_mVXlftDqA87KRkbs&echostr=abc [in C:\workspace\pythonWorkspace\workblog\app\wx\routes.py:44]
2020-09-24 13:59:28,068 INFO: Workblog startup [in C:\workspace\pythonWorkspace\workblog\app\__init__.py:85]
